2023-08-16 15:41:33,439 - INFO - Using C:\Users\italo\AppData\Local\Temp\tfhub_modules to cache modules.
2023-08-16 15:58:41,648 - INFO - Using C:\Users\italo\AppData\Local\Temp\tfhub_modules to cache modules.
2023-08-16 16:01:19,761 - INFO - Using C:\Users\italo\AppData\Local\Temp\tfhub_modules to cache modules.
2023-08-17 09:23:08,588 - INFO - Using C:\Users\italo\AppData\Local\Temp\tfhub_modules to cache modules.
2023-08-17 09:25:51,679 - INFO - Using C:\Users\italo\AppData\Local\Temp\tfhub_modules to cache modules.
2023-08-17 09:27:05,162 - INFO - Using C:\Users\italo\AppData\Local\Temp\tfhub_modules to cache modules.
2023-08-17 09:39:04,351 - INFO - Using C:\Users\italo\AppData\Local\Temp\tfhub_modules to cache modules.
2023-08-17 09:46:37,718 - INFO - Using C:\Users\italo\AppData\Local\Temp\tfhub_modules to cache modules.
2023-08-17 09:56:27,065 - INFO - Using C:\Users\italo\AppData\Local\Temp\tfhub_modules to cache modules.
2023-08-17 09:59:06,461 - INFO - Using C:\Users\italo\AppData\Local\Temp\tfhub_modules to cache modules.
2023-08-17 10:01:17,037 - INFO - Using C:\Users\italo\AppData\Local\Temp\tfhub_modules to cache modules.
2023-08-17 10:09:32,326 - INFO - Using C:\Users\italo\AppData\Local\Temp\tfhub_modules to cache modules.
2023-08-17 10:13:29,925 - INFO - Using C:\Users\italo\AppData\Local\Temp\tfhub_modules to cache modules.
2023-08-17 10:15:15,756 - INFO - Using C:\Users\italo\AppData\Local\Temp\tfhub_modules to cache modules.
2023-08-17 10:21:54,696 - INFO - Using C:\Users\italo\AppData\Local\Temp\tfhub_modules to cache modules.
2023-08-17 10:32:28,207 - INFO - Using C:\Users\italo\AppData\Local\Temp\tfhub_modules to cache modules.
2023-08-17 10:35:00,707 - INFO - Using C:\Users\italo\AppData\Local\Temp\tfhub_modules to cache modules.
2023-08-17 10:38:33,709 - INFO - Using C:\Users\italo\AppData\Local\Temp\tfhub_modules to cache modules.
2023-08-17 10:41:14,160 - INFO - Using C:\Users\italo\AppData\Local\Temp\tfhub_modules to cache modules.
2023-08-17 10:45:04,227 - INFO - Using C:\Users\italo\AppData\Local\Temp\tfhub_modules to cache modules.
2023-08-17 10:58:36,055 - INFO - Using C:\Users\italo\AppData\Local\Temp\tfhub_modules to cache modules.
2023-08-17 11:01:36,348 - INFO - Using C:\Users\italo\AppData\Local\Temp\tfhub_modules to cache modules.
2023-08-17 11:23:11,895 - INFO - Using C:\Users\italo\AppData\Local\Temp\tfhub_modules to cache modules.
2023-08-17 11:23:11,912 - INFO - Downloading TF-Hub Module 'https://tfhub.dev/google/universal-sentence-encoder/4'.
2023-08-17 11:23:30,302 - INFO - Downloading https://tfhub.dev/google/universal-sentence-encoder/4: 50.00MB
2023-08-17 11:23:45,466 - INFO - Downloading https://tfhub.dev/google/universal-sentence-encoder/4: 120.00MB
2023-08-17 11:24:01,968 - INFO - Downloading https://tfhub.dev/google/universal-sentence-encoder/4: 200.00MB
2023-08-17 11:24:18,641 - INFO - Downloading https://tfhub.dev/google/universal-sentence-encoder/4: 270.00MB
2023-08-17 11:24:34,858 - INFO - Downloading https://tfhub.dev/google/universal-sentence-encoder/4: 340.00MB
2023-08-17 11:24:51,970 - INFO - Downloading https://tfhub.dev/google/universal-sentence-encoder/4: 420.00MB
2023-08-17 11:25:07,372 - INFO - Downloading https://tfhub.dev/google/universal-sentence-encoder/4: 490.00MB
2023-08-17 11:25:22,455 - INFO - Downloading https://tfhub.dev/google/universal-sentence-encoder/4: 560.00MB
2023-08-17 11:26:30,907 - INFO - Using C:\Users\italo\AppData\Local\Temp\tfhub_modules to cache modules.
2023-08-17 11:26:30,916 - INFO - Module 'https://tfhub.dev/google/universal-sentence-encoder/4' already being downloaded by 'DESKTOP-U6PSH5V.11684.e648700c24c343eca96cfb9d9b688eaa'. Waiting.
2023-08-17 11:27:21,026 - INFO - Module 'https://tfhub.dev/google/universal-sentence-encoder/4' already being downloaded by 'DESKTOP-U6PSH5V.11684.e648700c24c343eca96cfb9d9b688eaa'. Waiting.
2023-08-17 11:28:32,647 - INFO - Using C:\Users\italo\AppData\Local\Temp\tfhub_modules to cache modules.
2023-08-17 11:28:32,654 - INFO - Downloading TF-Hub Module 'https://tfhub.dev/google/universal-sentence-encoder/4'.
2023-08-17 11:28:49,925 - INFO - Downloading https://tfhub.dev/google/universal-sentence-encoder/4: 70.00MB
2023-08-17 11:29:06,321 - INFO - Downloading https://tfhub.dev/google/universal-sentence-encoder/4: 150.00MB
2023-08-17 11:29:21,730 - INFO - Downloading https://tfhub.dev/google/universal-sentence-encoder/4: 220.00MB
2023-08-17 11:29:37,754 - INFO - Downloading https://tfhub.dev/google/universal-sentence-encoder/4: 290.00MB
2023-08-17 11:29:53,411 - INFO - Downloading https://tfhub.dev/google/universal-sentence-encoder/4: 340.00MB
2023-08-17 11:30:10,271 - INFO - Downloading https://tfhub.dev/google/universal-sentence-encoder/4: 410.00MB
2023-08-17 11:30:25,543 - INFO - Downloading https://tfhub.dev/google/universal-sentence-encoder/4: 480.00MB
2023-08-17 11:30:41,003 - INFO - Downloading https://tfhub.dev/google/universal-sentence-encoder/4: 550.00MB
2023-08-17 11:30:58,114 - INFO - Downloading https://tfhub.dev/google/universal-sentence-encoder/4: 620.00MB
2023-08-17 11:31:14,593 - INFO - Downloading https://tfhub.dev/google/universal-sentence-encoder/4: 690.00MB
2023-08-17 11:31:31,600 - INFO - Downloading https://tfhub.dev/google/universal-sentence-encoder/4: 770.00MB
2023-08-17 11:31:46,753 - INFO - Downloading https://tfhub.dev/google/universal-sentence-encoder/4: 840.00MB
2023-08-17 11:32:03,396 - INFO - Downloading https://tfhub.dev/google/universal-sentence-encoder/4: 920.00MB
2023-08-17 11:32:18,220 - INFO - Downloaded https://tfhub.dev/google/universal-sentence-encoder/4, Total size: 987.47MB
2023-08-17 11:32:18,235 - INFO - Downloaded TF-Hub Module 'https://tfhub.dev/google/universal-sentence-encoder/4'.
2023-08-17 11:35:48,448 - INFO - Using C:\Users\italo\AppData\Local\Temp\tfhub_modules to cache modules.
2023-08-17 11:37:56,401 - INFO - Using C:\Users\italo\AppData\Local\Temp\tfhub_modules to cache modules.
2023-08-17 11:38:51,905 - INFO - Using C:\Users\italo\AppData\Local\Temp\tfhub_modules to cache modules.
2023-08-17 11:40:13,673 - INFO - Using C:\Users\italo\AppData\Local\Temp\tfhub_modules to cache modules.
2023-08-17 12:57:17,998 - INFO - Using C:\Users\italo\AppData\Local\Temp\tfhub_modules to cache modules.
2023-08-17 12:57:52,880 - INFO - Using C:\Users\italo\AppData\Local\Temp\tfhub_modules to cache modules.
2023-08-17 12:58:26,833 - INFO - Using C:\Users\italo\AppData\Local\Temp\tfhub_modules to cache modules.
2023-08-17 13:03:44,160 - INFO - Using C:\Users\italo\AppData\Local\Temp\tfhub_modules to cache modules.
2023-08-17 13:09:47,888 - INFO - Using C:\Users\italo\AppData\Local\Temp\tfhub_modules to cache modules.
2023-08-17 13:11:17,124 - INFO - Using C:\Users\italo\AppData\Local\Temp\tfhub_modules to cache modules.
2023-08-17 13:19:00,750 - INFO - Using C:\Users\italo\AppData\Local\Temp\tfhub_modules to cache modules.
